2020-02-24 10:02:10 INFO  TestBase:26 - Initiate Browser
2020-02-24 10:02:25 INFO  TestBase:32 - Browser Initiated
2020-02-24 10:02:25 INFO  TestBase:42 - Test name: LoginPageTest
2020-02-24 10:02:25 INFO  LoginTest:18 - Login the loginpage
2020-02-24 10:02:27 INFO  TestBase:54 - Executed test case name:LoginPageTest Execution Results : [TestResult name=LoginPageTest status=SUCCESS method=LoginTest.LoginPageTest()[pri:1, instance:com.abi.test.pageobject.Tests.LoginTest@5f2050f6] output={null}]
2020-02-24 10:02:27 INFO  TestBase:47 - Closing Browser
2020-02-24 10:02:29 INFO  TestBase:49 - Browser Closed
2020-02-24 10:55:51 INFO  TestBase:26 - Initiate Browser
2020-02-24 10:56:10 INFO  TestBase:32 - Browser Initiated
2020-02-24 10:56:11 INFO  TestBase:42 - Test name: LoginPageTest
2020-02-24 10:56:11 INFO  LoginTest:20 - Login the loginpage
2020-02-24 10:56:12 INFO  TestBase:54 - Executed test case name:LoginPageTest Execution Results : [TestResult name=LoginPageTest status=FAILURE method=LoginTest.LoginPageTest(java.lang.String, java.lang.String)[pri:1, instance:com.abi.test.pageobject.Tests.LoginTest@4e04a765] output={null}]
2020-02-24 10:56:12 INFO  TestBase:47 - Closing Browser
2020-02-24 10:56:13 INFO  TestBase:49 - Browser Closed
2020-02-24 10:56:13 INFO  TestBase:26 - Initiate Browser
2020-02-24 10:56:29 INFO  TestBase:32 - Browser Initiated
2020-02-24 10:56:29 INFO  TestBase:42 - Test name: LoginPageTest
2020-02-24 10:56:29 INFO  LoginTest:20 - Login the loginpage
2020-02-24 10:56:29 INFO  TestBase:54 - Executed test case name:LoginPageTest Execution Results : [TestResult name=LoginPageTest status=FAILURE method=LoginTest.LoginPageTest(java.lang.String, java.lang.String)[pri:1, instance:com.abi.test.pageobject.Tests.LoginTest@4e04a765] output={null}]
2020-02-24 10:56:29 INFO  TestBase:47 - Closing Browser
2020-02-24 10:56:31 INFO  TestBase:49 - Browser Closed
2020-02-24 10:56:31 INFO  TestBase:26 - Initiate Browser
2020-02-24 10:56:46 INFO  TestBase:32 - Browser Initiated
2020-02-24 10:56:46 INFO  TestBase:42 - Test name: LoginPageTest
2020-02-24 10:56:46 INFO  LoginTest:20 - Login the loginpage
2020-02-24 10:56:46 INFO  TestBase:54 - Executed test case name:LoginPageTest Execution Results : [TestResult name=LoginPageTest status=FAILURE method=LoginTest.LoginPageTest(java.lang.String, java.lang.String)[pri:1, instance:com.abi.test.pageobject.Tests.LoginTest@4e04a765] output={null}]
2020-02-24 10:56:46 INFO  TestBase:47 - Closing Browser
2020-02-24 10:56:48 INFO  TestBase:49 - Browser Closed
2020-02-24 10:56:48 INFO  TestBase:26 - Initiate Browser
2020-02-24 10:57:02 INFO  TestBase:32 - Browser Initiated
2020-02-24 10:57:02 INFO  TestBase:42 - Test name: LoginPageTest
2020-02-24 10:57:03 INFO  LoginTest:20 - Login the loginpage
2020-02-24 10:57:06 INFO  TestBase:54 - Executed test case name:LoginPageTest Execution Results : [TestResult name=LoginPageTest status=FAILURE method=LoginTest.LoginPageTest(java.lang.String, java.lang.String)[pri:1, instance:com.abi.test.pageobject.Tests.LoginTest@4e04a765] output={null}]
2020-02-24 10:57:06 INFO  TestBase:47 - Closing Browser
2020-02-24 10:57:07 INFO  TestBase:49 - Browser Closed
2020-02-24 10:57:07 INFO  TestBase:26 - Initiate Browser
2020-02-24 10:57:21 INFO  TestBase:32 - Browser Initiated
2020-02-24 10:57:21 INFO  TestBase:42 - Test name: LoginPageTest
2020-02-24 10:57:21 INFO  LoginTest:20 - Login the loginpage
2020-02-24 10:57:23 INFO  TestBase:54 - Executed test case name:LoginPageTest Execution Results : [TestResult name=LoginPageTest status=FAILURE method=LoginTest.LoginPageTest(java.lang.String, java.lang.String)[pri:1, instance:com.abi.test.pageobject.Tests.LoginTest@4e04a765] output={null}]
2020-02-24 10:57:23 INFO  TestBase:47 - Closing Browser
2020-02-24 10:57:24 INFO  TestBase:49 - Browser Closed
2020-02-24 10:57:24 INFO  TestBase:26 - Initiate Browser
2020-02-24 10:57:39 INFO  TestBase:32 - Browser Initiated
2020-02-24 10:57:39 INFO  TestBase:42 - Test name: LoginPageTest
2020-02-24 10:57:39 INFO  LoginTest:20 - Login the loginpage
2020-02-24 10:57:41 INFO  TestBase:54 - Executed test case name:LoginPageTest Execution Results : [TestResult name=LoginPageTest status=FAILURE method=LoginTest.LoginPageTest(java.lang.String, java.lang.String)[pri:1, instance:com.abi.test.pageobject.Tests.LoginTest@4e04a765] output={null}]
2020-02-24 10:57:41 INFO  TestBase:47 - Closing Browser
2020-02-24 10:57:42 INFO  TestBase:49 - Browser Closed
2020-02-24 11:05:45 INFO  TestBase:26 - Initiate Browser
2020-02-24 11:06:00 INFO  TestBase:32 - Browser Initiated
2020-02-24 11:06:00 INFO  TestBase:42 - Test name: LoginPageTest
2020-02-24 11:06:00 INFO  LoginTest:20 - Login the loginpage
2020-02-24 11:06:00 INFO  TestBase:54 - Executed test case name:LoginPageTest Execution Results : [TestResult name=LoginPageTest status=FAILURE method=LoginTest.LoginPageTest(java.lang.String, java.lang.String)[pri:1, instance:com.abi.test.pageobject.Tests.LoginTest@4e04a765] output={null}]
2020-02-24 11:06:00 INFO  TestBase:47 - Closing Browser
2020-02-24 11:06:02 INFO  TestBase:49 - Browser Closed
2020-02-24 11:06:02 INFO  TestBase:26 - Initiate Browser
2020-02-24 11:06:16 INFO  TestBase:32 - Browser Initiated
2020-02-24 11:06:16 INFO  TestBase:42 - Test name: LoginPageTest
2020-02-24 11:06:17 INFO  LoginTest:20 - Login the loginpage
2020-02-24 11:06:17 INFO  TestBase:54 - Executed test case name:LoginPageTest Execution Results : [TestResult name=LoginPageTest status=FAILURE method=LoginTest.LoginPageTest(java.lang.String, java.lang.String)[pri:1, instance:com.abi.test.pageobject.Tests.LoginTest@4e04a765] output={null}]
2020-02-24 11:06:17 INFO  TestBase:47 - Closing Browser
2020-02-24 11:06:18 INFO  TestBase:49 - Browser Closed
2020-02-24 11:06:18 INFO  TestBase:26 - Initiate Browser
2020-02-24 11:06:32 INFO  TestBase:32 - Browser Initiated
2020-02-24 11:06:32 INFO  TestBase:42 - Test name: LoginPageTest
2020-02-24 11:06:32 INFO  LoginTest:20 - Login the loginpage
2020-02-24 11:06:32 INFO  TestBase:54 - Executed test case name:LoginPageTest Execution Results : [TestResult name=LoginPageTest status=FAILURE method=LoginTest.LoginPageTest(java.lang.String, java.lang.String)[pri:1, instance:com.abi.test.pageobject.Tests.LoginTest@4e04a765] output={null}]
2020-02-24 11:06:32 INFO  TestBase:47 - Closing Browser
2020-02-24 11:06:34 INFO  TestBase:49 - Browser Closed
2020-02-24 11:06:34 INFO  TestBase:26 - Initiate Browser
2020-02-24 11:09:08 INFO  TestBase:26 - Initiate Browser
2020-02-24 11:09:24 INFO  TestBase:32 - Browser Initiated
2020-02-24 11:09:24 INFO  TestBase:42 - Test name: LoginPageTest
2020-02-24 11:09:24 INFO  LoginTest:20 - Login the loginpage
2020-02-24 11:09:24 INFO  TestBase:54 - Executed test case name:LoginPageTest Execution Results : [TestResult name=LoginPageTest status=FAILURE method=LoginTest.LoginPageTest(java.lang.String, java.lang.String)[pri:1, instance:com.abi.test.pageobject.Tests.LoginTest@4e04a765] output={null}]
2020-02-24 11:09:24 INFO  TestBase:47 - Closing Browser
2020-02-24 11:09:26 INFO  TestBase:49 - Browser Closed
2020-02-24 11:09:26 INFO  TestBase:26 - Initiate Browser
2020-02-24 11:09:40 INFO  TestBase:32 - Browser Initiated
2020-02-24 11:09:40 INFO  TestBase:42 - Test name: LoginPageTest
2020-02-24 11:09:40 INFO  LoginTest:20 - Login the loginpage
2020-02-24 11:09:40 INFO  TestBase:54 - Executed test case name:LoginPageTest Execution Results : [TestResult name=LoginPageTest status=FAILURE method=LoginTest.LoginPageTest(java.lang.String, java.lang.String)[pri:1, instance:com.abi.test.pageobject.Tests.LoginTest@4e04a765] output={null}]
2020-02-24 11:09:40 INFO  TestBase:47 - Closing Browser
2020-02-24 11:09:42 INFO  TestBase:49 - Browser Closed
2020-02-24 11:09:42 INFO  TestBase:26 - Initiate Browser
2020-02-24 11:13:06 INFO  TestBase:26 - Initiate Browser
2020-02-24 11:13:21 INFO  TestBase:32 - Browser Initiated
2020-02-24 11:13:21 INFO  TestBase:42 - Test name: LoginPageTest
2020-02-24 11:13:21 INFO  LoginTest:20 - Login the loginpage
2020-02-24 11:13:21 INFO  TestBase:54 - Executed test case name:LoginPageTest Execution Results : [TestResult name=LoginPageTest status=FAILURE method=LoginTest.LoginPageTest(java.lang.String, java.lang.String)[pri:1, instance:com.abi.test.pageobject.Tests.LoginTest@4e04a765] output={null}]
2020-02-24 11:13:21 INFO  TestBase:47 - Closing Browser
2020-02-24 11:13:25 INFO  TestBase:49 - Browser Closed
2020-02-24 11:13:25 INFO  TestBase:26 - Initiate Browser
2020-02-24 11:13:41 INFO  TestBase:32 - Browser Initiated
2020-02-24 11:13:41 INFO  TestBase:42 - Test name: LoginPageTest
2020-02-24 11:13:41 INFO  LoginTest:20 - Login the loginpage
2020-02-24 11:13:41 INFO  TestBase:54 - Executed test case name:LoginPageTest Execution Results : [TestResult name=LoginPageTest status=FAILURE method=LoginTest.LoginPageTest(java.lang.String, java.lang.String)[pri:1, instance:com.abi.test.pageobject.Tests.LoginTest@4e04a765] output={null}]
2020-02-24 11:13:41 INFO  TestBase:47 - Closing Browser
2020-02-24 11:13:43 INFO  TestBase:49 - Browser Closed
2020-02-24 11:13:43 INFO  TestBase:26 - Initiate Browser
2020-02-24 11:13:56 INFO  TestBase:32 - Browser Initiated
2020-02-24 11:13:56 INFO  TestBase:42 - Test name: LoginPageTest
2020-02-24 11:13:57 INFO  LoginTest:20 - Login the loginpage
2020-02-24 11:13:57 INFO  TestBase:54 - Executed test case name:LoginPageTest Execution Results : [TestResult name=LoginPageTest status=FAILURE method=LoginTest.LoginPageTest(java.lang.String, java.lang.String)[pri:1, instance:com.abi.test.pageobject.Tests.LoginTest@4e04a765] output={null}]
2020-02-24 11:13:57 INFO  TestBase:47 - Closing Browser
2020-02-24 11:13:58 INFO  TestBase:49 - Browser Closed
2020-02-24 11:13:58 INFO  TestBase:26 - Initiate Browser
2020-02-24 11:14:16 INFO  TestBase:26 - Initiate Browser
2020-02-24 11:14:30 INFO  TestBase:32 - Browser Initiated
2020-02-24 11:14:30 INFO  TestBase:42 - Test name: LoginPageTest
2020-02-24 11:14:30 INFO  LoginTest:20 - Login the loginpage
2020-02-24 11:14:31 INFO  TestBase:54 - Executed test case name:LoginPageTest Execution Results : [TestResult name=LoginPageTest status=SUCCESS method=LoginTest.LoginPageTest(java.lang.String, java.lang.String)[pri:1, instance:com.abi.test.pageobject.Tests.LoginTest@4e04a765] output={null}]
2020-02-24 11:14:31 INFO  TestBase:47 - Closing Browser
2020-02-24 11:14:32 INFO  TestBase:49 - Browser Closed
2020-02-24 11:14:32 INFO  TestBase:26 - Initiate Browser
2020-02-24 11:14:47 INFO  TestBase:32 - Browser Initiated
2020-02-24 11:14:47 INFO  TestBase:42 - Test name: LoginPageTest
2020-02-24 11:14:47 INFO  LoginTest:20 - Login the loginpage
2020-02-24 11:14:47 INFO  TestBase:54 - Executed test case name:LoginPageTest Execution Results : [TestResult name=LoginPageTest status=SUCCESS method=LoginTest.LoginPageTest(java.lang.String, java.lang.String)[pri:1, instance:com.abi.test.pageobject.Tests.LoginTest@4e04a765] output={null}]
2020-02-24 11:14:47 INFO  TestBase:47 - Closing Browser
2020-02-24 11:14:49 INFO  TestBase:49 - Browser Closed
2020-02-24 11:14:49 INFO  TestBase:26 - Initiate Browser
2020-02-24 11:15:03 INFO  TestBase:32 - Browser Initiated
2020-02-24 11:15:03 INFO  TestBase:42 - Test name: LoginPageTest
2020-02-24 11:15:03 INFO  LoginTest:20 - Login the loginpage
2020-02-24 11:15:03 INFO  TestBase:54 - Executed test case name:LoginPageTest Execution Results : [TestResult name=LoginPageTest status=SUCCESS method=LoginTest.LoginPageTest(java.lang.String, java.lang.String)[pri:1, instance:com.abi.test.pageobject.Tests.LoginTest@4e04a765] output={null}]
2020-02-24 11:15:03 INFO  TestBase:47 - Closing Browser
2020-02-24 11:15:05 INFO  TestBase:49 - Browser Closed
2020-02-24 11:15:05 INFO  TestBase:26 - Initiate Browser
2020-02-24 11:15:18 INFO  TestBase:32 - Browser Initiated
2020-02-24 11:15:18 INFO  TestBase:42 - Test name: LoginPageTest
2020-02-24 11:15:18 INFO  LoginTest:20 - Login the loginpage
2020-02-24 11:15:21 INFO  TestBase:54 - Executed test case name:LoginPageTest Execution Results : [TestResult name=LoginPageTest status=FAILURE method=LoginTest.LoginPageTest(java.lang.String, java.lang.String)[pri:1, instance:com.abi.test.pageobject.Tests.LoginTest@4e04a765] output={null}]
2020-02-24 11:15:21 INFO  TestBase:47 - Closing Browser
2020-02-24 11:15:22 INFO  TestBase:49 - Browser Closed
2020-02-24 11:15:22 INFO  TestBase:26 - Initiate Browser
2020-02-24 11:15:37 INFO  TestBase:32 - Browser Initiated
2020-02-24 11:15:37 INFO  TestBase:42 - Test name: LoginPageTest
2020-02-24 11:15:37 INFO  LoginTest:20 - Login the loginpage
2020-02-24 11:15:40 INFO  TestBase:54 - Executed test case name:LoginPageTest Execution Results : [TestResult name=LoginPageTest status=SUCCESS method=LoginTest.LoginPageTest(java.lang.String, java.lang.String)[pri:1, instance:com.abi.test.pageobject.Tests.LoginTest@4e04a765] output={null}]
2020-02-24 11:15:40 INFO  TestBase:47 - Closing Browser
2020-02-24 11:15:41 INFO  TestBase:49 - Browser Closed
2020-02-24 11:15:41 INFO  TestBase:26 - Initiate Browser
2020-02-24 11:15:55 INFO  TestBase:32 - Browser Initiated
2020-02-24 11:15:55 INFO  TestBase:42 - Test name: LoginPageTest
2020-02-24 11:15:55 INFO  LoginTest:20 - Login the loginpage
2020-02-24 11:15:57 INFO  TestBase:54 - Executed test case name:LoginPageTest Execution Results : [TestResult name=LoginPageTest status=SUCCESS method=LoginTest.LoginPageTest(java.lang.String, java.lang.String)[pri:1, instance:com.abi.test.pageobject.Tests.LoginTest@4e04a765] output={null}]
2020-02-24 11:15:57 INFO  TestBase:47 - Closing Browser
2020-02-24 11:15:58 INFO  TestBase:49 - Browser Closed
2020-02-24 11:19:04 INFO  TestBase:26 - Initiate Browser
2020-02-24 11:19:19 INFO  TestBase:32 - Browser Initiated
2020-02-24 11:19:19 INFO  TestBase:42 - Test name: LoginPageTest
2020-02-24 11:19:19 INFO  LoginTest:20 - Login the loginpage
2020-02-24 11:19:19 INFO  TestBase:54 - Executed test case name:LoginPageTest Execution Results : [TestResult name=LoginPageTest status=FAILURE method=LoginTest.LoginPageTest(java.lang.String, java.lang.String)[pri:1, instance:com.abi.test.pageobject.Tests.LoginTest@4e04a765] output={null}]
2020-02-24 11:19:19 INFO  TestBase:47 - Closing Browser
2020-02-24 11:19:21 INFO  TestBase:49 - Browser Closed
2020-02-24 11:19:21 INFO  TestBase:26 - Initiate Browser
2020-02-24 11:19:37 INFO  TestBase:32 - Browser Initiated
2020-02-24 11:19:37 INFO  TestBase:42 - Test name: LoginPageTest
2020-02-24 11:19:37 INFO  LoginTest:20 - Login the loginpage
2020-02-24 11:19:37 INFO  TestBase:54 - Executed test case name:LoginPageTest Execution Results : [TestResult name=LoginPageTest status=FAILURE method=LoginTest.LoginPageTest(java.lang.String, java.lang.String)[pri:1, instance:com.abi.test.pageobject.Tests.LoginTest@4e04a765] output={null}]
2020-02-24 11:19:37 INFO  TestBase:47 - Closing Browser
2020-02-24 11:19:39 INFO  TestBase:49 - Browser Closed
2020-02-24 11:19:39 INFO  TestBase:26 - Initiate Browser
2020-02-24 11:19:55 INFO  TestBase:32 - Browser Initiated
2020-02-24 11:19:55 INFO  TestBase:42 - Test name: LoginPageTest
2020-02-24 11:19:55 INFO  LoginTest:20 - Login the loginpage
2020-02-24 11:19:55 INFO  TestBase:54 - Executed test case name:LoginPageTest Execution Results : [TestResult name=LoginPageTest status=FAILURE method=LoginTest.LoginPageTest(java.lang.String, java.lang.String)[pri:1, instance:com.abi.test.pageobject.Tests.LoginTest@4e04a765] output={null}]
2020-02-24 11:19:55 INFO  TestBase:47 - Closing Browser
2020-02-24 11:19:57 INFO  TestBase:49 - Browser Closed
2020-02-24 11:19:57 INFO  TestBase:26 - Initiate Browser
2020-02-24 11:20:12 INFO  TestBase:32 - Browser Initiated
2020-02-24 11:20:12 INFO  TestBase:42 - Test name: LoginPageTest
2020-02-24 11:20:12 INFO  LoginTest:20 - Login the loginpage
2020-02-24 11:20:14 INFO  TestBase:54 - Executed test case name:LoginPageTest Execution Results : [TestResult name=LoginPageTest status=FAILURE method=LoginTest.LoginPageTest(java.lang.String, java.lang.String)[pri:1, instance:com.abi.test.pageobject.Tests.LoginTest@4e04a765] output={null}]
2020-02-24 11:20:14 INFO  TestBase:47 - Closing Browser
2020-02-24 11:20:16 INFO  TestBase:49 - Browser Closed
2020-02-24 11:20:16 INFO  TestBase:26 - Initiate Browser
2020-02-24 11:20:30 INFO  TestBase:32 - Browser Initiated
2020-02-24 11:20:30 INFO  TestBase:42 - Test name: LoginPageTest
2020-02-24 11:20:30 INFO  LoginTest:20 - Login the loginpage
2020-02-24 11:20:32 INFO  TestBase:54 - Executed test case name:LoginPageTest Execution Results : [TestResult name=LoginPageTest status=SUCCESS method=LoginTest.LoginPageTest(java.lang.String, java.lang.String)[pri:1, instance:com.abi.test.pageobject.Tests.LoginTest@4e04a765] output={null}]
2020-02-24 11:20:32 INFO  TestBase:47 - Closing Browser
2020-02-24 11:20:34 INFO  TestBase:49 - Browser Closed
2020-02-24 11:20:34 INFO  TestBase:26 - Initiate Browser
2020-02-24 11:20:49 INFO  TestBase:32 - Browser Initiated
2020-02-24 11:20:49 INFO  TestBase:42 - Test name: LoginPageTest
2020-02-24 11:20:49 INFO  LoginTest:20 - Login the loginpage
2020-02-24 11:20:50 INFO  TestBase:54 - Executed test case name:LoginPageTest Execution Results : [TestResult name=LoginPageTest status=SUCCESS method=LoginTest.LoginPageTest(java.lang.String, java.lang.String)[pri:1, instance:com.abi.test.pageobject.Tests.LoginTest@4e04a765] output={null}]
2020-02-24 11:20:50 INFO  TestBase:47 - Closing Browser
2020-02-24 11:20:52 INFO  TestBase:49 - Browser Closed
2020-02-24 11:20:52 INFO  TestBase:26 - Initiate Browser
2020-02-24 11:21:06 INFO  TestBase:32 - Browser Initiated
2020-02-24 11:21:06 INFO  TestBase:42 - Test name: LoginPageTest
2020-02-24 11:21:06 INFO  LoginTest:20 - Login the loginpage
2020-02-24 11:21:11 INFO  TestBase:54 - Executed test case name:LoginPageTest Execution Results : [TestResult name=LoginPageTest status=FAILURE method=LoginTest.LoginPageTest(java.lang.String, java.lang.String)[pri:1, instance:com.abi.test.pageobject.Tests.LoginTest@4e04a765] output={null}]
2020-02-24 11:21:11 INFO  TestBase:47 - Closing Browser
2020-02-24 11:21:12 INFO  TestBase:49 - Browser Closed
2020-02-24 11:25:37 INFO  TestBase:26 - Initiate Browser
2020-02-24 11:25:51 INFO  TestBase:32 - Browser Initiated
2020-02-24 11:25:51 INFO  TestBase:42 - Test name: LoginPageTest
2020-02-24 11:25:52 INFO  LoginTest:20 - Login the loginpage
2020-02-24 11:25:52 INFO  TestBase:54 - Executed test case name:LoginPageTest Execution Results : [TestResult name=LoginPageTest status=SUCCESS method=LoginTest.LoginPageTest(java.lang.String, java.lang.String)[pri:1, instance:com.abi.test.pageobject.Tests.LoginTest@4e04a765] output={null}]
2020-02-24 11:25:52 INFO  TestBase:47 - Closing Browser
2020-02-24 11:25:53 INFO  TestBase:49 - Browser Closed
2020-02-24 11:25:53 INFO  TestBase:26 - Initiate Browser
2020-02-24 11:26:07 INFO  TestBase:32 - Browser Initiated
2020-02-24 11:26:07 INFO  TestBase:42 - Test name: LoginPageTest
2020-02-24 11:26:07 INFO  LoginTest:20 - Login the loginpage
2020-02-24 11:26:07 INFO  TestBase:54 - Executed test case name:LoginPageTest Execution Results : [TestResult name=LoginPageTest status=SUCCESS method=LoginTest.LoginPageTest(java.lang.String, java.lang.String)[pri:1, instance:com.abi.test.pageobject.Tests.LoginTest@4e04a765] output={null}]
2020-02-24 11:26:07 INFO  TestBase:47 - Closing Browser
2020-02-24 11:26:09 INFO  TestBase:49 - Browser Closed
2020-02-24 11:26:09 INFO  TestBase:26 - Initiate Browser
2020-02-24 11:26:23 INFO  TestBase:32 - Browser Initiated
2020-02-24 11:26:23 INFO  TestBase:42 - Test name: LoginPageTest
2020-02-24 11:26:23 INFO  LoginTest:20 - Login the loginpage
2020-02-24 11:26:23 INFO  TestBase:54 - Executed test case name:LoginPageTest Execution Results : [TestResult name=LoginPageTest status=SUCCESS method=LoginTest.LoginPageTest(java.lang.String, java.lang.String)[pri:1, instance:com.abi.test.pageobject.Tests.LoginTest@4e04a765] output={null}]
2020-02-24 11:26:23 INFO  TestBase:47 - Closing Browser
2020-02-24 11:26:25 INFO  TestBase:49 - Browser Closed
2020-02-24 11:26:25 INFO  TestBase:26 - Initiate Browser
2020-02-24 11:26:39 INFO  TestBase:32 - Browser Initiated
2020-02-24 11:26:39 INFO  TestBase:42 - Test name: LoginPageTest
2020-02-24 11:26:40 INFO  LoginTest:20 - Login the loginpage
2020-02-24 11:26:42 INFO  TestBase:54 - Executed test case name:LoginPageTest Execution Results : [TestResult name=LoginPageTest status=SUCCESS method=LoginTest.LoginPageTest(java.lang.String, java.lang.String)[pri:1, instance:com.abi.test.pageobject.Tests.LoginTest@4e04a765] output={null}]
2020-02-24 11:26:42 INFO  TestBase:47 - Closing Browser
2020-02-24 11:26:44 INFO  TestBase:49 - Browser Closed
2020-02-24 11:26:44 INFO  TestBase:26 - Initiate Browser
2020-02-24 11:26:58 INFO  TestBase:32 - Browser Initiated
2020-02-24 11:26:58 INFO  TestBase:42 - Test name: LoginPageTest
2020-02-24 11:26:58 INFO  LoginTest:20 - Login the loginpage
2020-02-24 11:26:59 INFO  TestBase:54 - Executed test case name:LoginPageTest Execution Results : [TestResult name=LoginPageTest status=SUCCESS method=LoginTest.LoginPageTest(java.lang.String, java.lang.String)[pri:1, instance:com.abi.test.pageobject.Tests.LoginTest@4e04a765] output={null}]
2020-02-24 11:26:59 INFO  TestBase:47 - Closing Browser
2020-02-24 11:27:01 INFO  TestBase:49 - Browser Closed
2020-02-24 11:27:01 INFO  TestBase:26 - Initiate Browser
2020-02-24 11:27:15 INFO  TestBase:32 - Browser Initiated
2020-02-24 11:27:15 INFO  TestBase:42 - Test name: LoginPageTest
2020-02-24 11:27:16 INFO  LoginTest:20 - Login the loginpage
2020-02-24 11:27:17 INFO  TestBase:54 - Executed test case name:LoginPageTest Execution Results : [TestResult name=LoginPageTest status=SUCCESS method=LoginTest.LoginPageTest(java.lang.String, java.lang.String)[pri:1, instance:com.abi.test.pageobject.Tests.LoginTest@4e04a765] output={null}]
2020-02-24 11:27:17 INFO  TestBase:47 - Closing Browser
2020-02-24 11:27:19 INFO  TestBase:49 - Browser Closed
2020-02-24 11:27:19 INFO  TestBase:26 - Initiate Browser
2020-02-24 11:27:33 INFO  TestBase:32 - Browser Initiated
2020-02-24 11:27:33 INFO  TestBase:42 - Test name: LoginPageTest
2020-02-24 11:27:33 INFO  LoginTest:20 - Login the loginpage
2020-02-24 11:27:35 INFO  TestBase:54 - Executed test case name:LoginPageTest Execution Results : [TestResult name=LoginPageTest status=SUCCESS method=LoginTest.LoginPageTest(java.lang.String, java.lang.String)[pri:1, instance:com.abi.test.pageobject.Tests.LoginTest@4e04a765] output={null}]
2020-02-24 11:27:35 INFO  TestBase:47 - Closing Browser
2020-02-24 11:27:37 INFO  TestBase:49 - Browser Closed
2020-02-24 11:39:56 INFO  TestBase:26 - Initiate Browser
2020-02-24 11:40:10 INFO  TestBase:32 - Browser Initiated
2020-02-24 11:40:10 INFO  TestBase:42 - Test name: LoginPageTest
2020-02-24 11:40:10 INFO  LoginTest:20 - Login the loginpage
2020-02-24 11:40:10 INFO  TestBase:54 - Executed test case name:LoginPageTest Execution Results : [TestResult name=LoginPageTest status=FAILURE method=LoginTest.LoginPageTest(java.lang.String, java.lang.String)[pri:1, instance:com.abi.test.pageobject.Tests.LoginTest@4e04a765] output={null}]
2020-02-24 11:40:10 INFO  TestBase:47 - Closing Browser
2020-02-24 11:40:12 INFO  TestBase:49 - Browser Closed
2020-02-24 11:40:12 INFO  TestBase:26 - Initiate Browser
2020-02-24 11:40:26 INFO  TestBase:32 - Browser Initiated
2020-02-24 11:40:26 INFO  TestBase:42 - Test name: LoginPageTest
2020-02-24 11:40:26 INFO  LoginTest:20 - Login the loginpage
2020-02-24 11:40:26 INFO  TestBase:54 - Executed test case name:LoginPageTest Execution Results : [TestResult name=LoginPageTest status=FAILURE method=LoginTest.LoginPageTest(java.lang.String, java.lang.String)[pri:1, instance:com.abi.test.pageobject.Tests.LoginTest@4e04a765] output={null}]
2020-02-24 11:40:26 INFO  TestBase:47 - Closing Browser
2020-02-24 11:40:28 INFO  TestBase:49 - Browser Closed
2020-02-24 11:40:28 INFO  TestBase:26 - Initiate Browser
2020-02-24 11:40:43 INFO  TestBase:32 - Browser Initiated
2020-02-24 11:40:43 INFO  TestBase:42 - Test name: LoginPageTest
2020-02-24 11:40:43 INFO  LoginTest:20 - Login the loginpage
2020-02-24 11:40:43 INFO  TestBase:54 - Executed test case name:LoginPageTest Execution Results : [TestResult name=LoginPageTest status=FAILURE method=LoginTest.LoginPageTest(java.lang.String, java.lang.String)[pri:1, instance:com.abi.test.pageobject.Tests.LoginTest@4e04a765] output={null}]
2020-02-24 11:40:43 INFO  TestBase:47 - Closing Browser
2020-02-24 11:40:45 INFO  TestBase:49 - Browser Closed
2020-02-24 11:40:45 INFO  TestBase:26 - Initiate Browser
2020-02-24 11:40:59 INFO  TestBase:32 - Browser Initiated
2020-02-24 11:40:59 INFO  TestBase:42 - Test name: LoginPageTest
2020-02-24 11:40:59 INFO  LoginTest:20 - Login the loginpage
2020-02-24 11:41:01 INFO  TestBase:54 - Executed test case name:LoginPageTest Execution Results : [TestResult name=LoginPageTest status=FAILURE method=LoginTest.LoginPageTest(java.lang.String, java.lang.String)[pri:1, instance:com.abi.test.pageobject.Tests.LoginTest@4e04a765] output={null}]
2020-02-24 11:41:01 INFO  TestBase:47 - Closing Browser
2020-02-24 11:41:02 INFO  TestBase:49 - Browser Closed
2020-02-24 11:41:02 INFO  TestBase:26 - Initiate Browser
2020-02-24 11:41:15 INFO  TestBase:32 - Browser Initiated
2020-02-24 11:41:15 INFO  TestBase:42 - Test name: LoginPageTest
2020-02-24 11:41:16 INFO  LoginTest:20 - Login the loginpage
2020-02-24 11:41:17 INFO  TestBase:54 - Executed test case name:LoginPageTest Execution Results : [TestResult name=LoginPageTest status=FAILURE method=LoginTest.LoginPageTest(java.lang.String, java.lang.String)[pri:1, instance:com.abi.test.pageobject.Tests.LoginTest@4e04a765] output={null}]
2020-02-24 11:41:17 INFO  TestBase:47 - Closing Browser
2020-02-24 11:41:19 INFO  TestBase:49 - Browser Closed
2020-02-24 11:41:19 INFO  TestBase:26 - Initiate Browser
2020-02-24 11:42:00 INFO  TestBase:26 - Initiate Browser
2020-02-24 11:42:18 INFO  TestBase:32 - Browser Initiated
2020-02-24 11:42:18 INFO  TestBase:42 - Test name: LoginPageTest
2020-02-24 11:42:19 INFO  LoginTest:20 - Login the loginpage
2020-02-24 11:42:19 INFO  TestBase:54 - Executed test case name:LoginPageTest Execution Results : [TestResult name=LoginPageTest status=SUCCESS method=LoginTest.LoginPageTest(java.lang.String, java.lang.String)[pri:1, instance:com.abi.test.pageobject.Tests.LoginTest@4e04a765] output={null}]
2020-02-24 11:42:19 INFO  TestBase:47 - Closing Browser
2020-02-24 11:42:20 INFO  TestBase:49 - Browser Closed
2020-02-24 11:42:20 INFO  TestBase:26 - Initiate Browser
2020-02-24 11:42:35 INFO  TestBase:32 - Browser Initiated
2020-02-24 11:42:35 INFO  TestBase:42 - Test name: LoginPageTest
2020-02-24 11:42:35 INFO  LoginTest:20 - Login the loginpage
2020-02-24 11:42:35 INFO  TestBase:54 - Executed test case name:LoginPageTest Execution Results : [TestResult name=LoginPageTest status=SUCCESS method=LoginTest.LoginPageTest(java.lang.String, java.lang.String)[pri:1, instance:com.abi.test.pageobject.Tests.LoginTest@4e04a765] output={null}]
2020-02-24 11:42:35 INFO  TestBase:47 - Closing Browser
2020-02-24 11:42:36 INFO  TestBase:49 - Browser Closed
2020-02-24 11:42:36 INFO  TestBase:26 - Initiate Browser
2020-02-24 11:42:51 INFO  TestBase:32 - Browser Initiated
2020-02-24 11:42:51 INFO  TestBase:42 - Test name: LoginPageTest
2020-02-24 11:42:52 INFO  LoginTest:20 - Login the loginpage
2020-02-24 11:42:52 INFO  TestBase:54 - Executed test case name:LoginPageTest Execution Results : [TestResult name=LoginPageTest status=SUCCESS method=LoginTest.LoginPageTest(java.lang.String, java.lang.String)[pri:1, instance:com.abi.test.pageobject.Tests.LoginTest@4e04a765] output={null}]
2020-02-24 11:42:52 INFO  TestBase:47 - Closing Browser
2020-02-24 11:42:53 INFO  TestBase:49 - Browser Closed
2020-02-24 11:42:53 INFO  TestBase:26 - Initiate Browser
2020-02-24 11:43:08 INFO  TestBase:32 - Browser Initiated
2020-02-24 11:43:08 INFO  TestBase:42 - Test name: LoginPageTest
2020-02-24 11:43:08 INFO  LoginTest:20 - Login the loginpage
2020-02-24 11:43:11 INFO  TestBase:54 - Executed test case name:LoginPageTest Execution Results : [TestResult name=LoginPageTest status=FAILURE method=LoginTest.LoginPageTest(java.lang.String, java.lang.String)[pri:1, instance:com.abi.test.pageobject.Tests.LoginTest@4e04a765] output={null}]
2020-02-24 11:43:11 INFO  TestBase:47 - Closing Browser
2020-02-24 11:43:13 INFO  TestBase:49 - Browser Closed
2020-02-24 11:43:13 INFO  TestBase:26 - Initiate Browser
2020-02-24 11:43:27 INFO  TestBase:32 - Browser Initiated
2020-02-24 11:43:27 INFO  TestBase:42 - Test name: LoginPageTest
2020-02-24 11:43:27 INFO  LoginTest:20 - Login the loginpage
2020-02-24 11:43:29 INFO  TestBase:54 - Executed test case name:LoginPageTest Execution Results : [TestResult name=LoginPageTest status=SUCCESS method=LoginTest.LoginPageTest(java.lang.String, java.lang.String)[pri:1, instance:com.abi.test.pageobject.Tests.LoginTest@4e04a765] output={null}]
2020-02-24 11:43:29 INFO  TestBase:47 - Closing Browser
2020-02-24 11:43:31 INFO  TestBase:49 - Browser Closed
2020-02-24 11:43:31 INFO  TestBase:26 - Initiate Browser
2020-02-24 11:43:51 INFO  TestBase:32 - Browser Initiated
2020-02-24 11:43:51 INFO  TestBase:42 - Test name: LoginPageTest
2020-02-24 11:43:51 INFO  LoginTest:20 - Login the loginpage
2020-02-24 11:43:53 INFO  TestBase:54 - Executed test case name:LoginPageTest Execution Results : [TestResult name=LoginPageTest status=SUCCESS method=LoginTest.LoginPageTest(java.lang.String, java.lang.String)[pri:1, instance:com.abi.test.pageobject.Tests.LoginTest@4e04a765] output={null}]
2020-02-24 11:43:53 INFO  TestBase:47 - Closing Browser
2020-02-24 11:43:55 INFO  TestBase:49 - Browser Closed
2020-02-24 11:43:55 INFO  TestBase:26 - Initiate Browser
2020-02-24 11:44:11 INFO  TestBase:32 - Browser Initiated
2020-02-24 11:44:11 INFO  TestBase:42 - Test name: LoginPageTest
2020-02-24 11:44:12 INFO  LoginTest:20 - Login the loginpage
2020-02-24 11:44:15 INFO  TestBase:54 - Executed test case name:LoginPageTest Execution Results : [TestResult name=LoginPageTest status=FAILURE method=LoginTest.LoginPageTest(java.lang.String, java.lang.String)[pri:1, instance:com.abi.test.pageobject.Tests.LoginTest@4e04a765] output={null}]
2020-02-24 11:44:15 INFO  TestBase:47 - Closing Browser
2020-02-24 11:44:16 INFO  TestBase:49 - Browser Closed
2020-02-24 11:45:12 INFO  TestBase:26 - Initiate Browser
2020-02-24 11:45:27 INFO  TestBase:32 - Browser Initiated
2020-02-24 11:45:27 INFO  TestBase:42 - Test name: LoginPageTest
2020-02-24 11:45:27 INFO  LoginTest:20 - Login the loginpage
2020-02-24 11:45:27 INFO  TestBase:54 - Executed test case name:LoginPageTest Execution Results : [TestResult name=LoginPageTest status=SUCCESS method=LoginTest.LoginPageTest(java.lang.String, java.lang.String)[pri:1, instance:com.abi.test.pageobject.Tests.LoginTest@4e04a765] output={null}]
2020-02-24 11:45:27 INFO  TestBase:47 - Closing Browser
2020-02-24 11:45:29 INFO  TestBase:49 - Browser Closed
2020-02-24 11:45:29 INFO  TestBase:26 - Initiate Browser
2020-02-24 11:45:43 INFO  TestBase:32 - Browser Initiated
2020-02-24 11:45:43 INFO  TestBase:42 - Test name: LoginPageTest
2020-02-24 11:45:43 INFO  LoginTest:20 - Login the loginpage
2020-02-24 11:45:44 INFO  TestBase:54 - Executed test case name:LoginPageTest Execution Results : [TestResult name=LoginPageTest status=SUCCESS method=LoginTest.LoginPageTest(java.lang.String, java.lang.String)[pri:1, instance:com.abi.test.pageobject.Tests.LoginTest@4e04a765] output={null}]
2020-02-24 11:45:44 INFO  TestBase:47 - Closing Browser
2020-02-24 11:45:45 INFO  TestBase:49 - Browser Closed
2020-02-24 11:45:45 INFO  TestBase:26 - Initiate Browser
2020-02-24 11:45:58 INFO  TestBase:32 - Browser Initiated
2020-02-24 11:45:58 INFO  TestBase:42 - Test name: LoginPageTest
2020-02-24 11:45:59 INFO  LoginTest:20 - Login the loginpage
2020-02-24 11:45:59 INFO  TestBase:54 - Executed test case name:LoginPageTest Execution Results : [TestResult name=LoginPageTest status=SUCCESS method=LoginTest.LoginPageTest(java.lang.String, java.lang.String)[pri:1, instance:com.abi.test.pageobject.Tests.LoginTest@4e04a765] output={null}]
2020-02-24 11:45:59 INFO  TestBase:47 - Closing Browser
2020-02-24 11:46:00 INFO  TestBase:49 - Browser Closed
2020-02-24 11:46:00 INFO  TestBase:26 - Initiate Browser
2020-02-24 11:46:14 INFO  TestBase:32 - Browser Initiated
2020-02-24 11:46:14 INFO  TestBase:42 - Test name: LoginPageTest
2020-02-24 11:46:14 INFO  LoginTest:20 - Login the loginpage
2020-02-24 11:46:16 INFO  TestBase:54 - Executed test case name:LoginPageTest Execution Results : [TestResult name=LoginPageTest status=SUCCESS method=LoginTest.LoginPageTest(java.lang.String, java.lang.String)[pri:1, instance:com.abi.test.pageobject.Tests.LoginTest@4e04a765] output={null}]
2020-02-24 11:46:16 INFO  TestBase:47 - Closing Browser
2020-02-24 11:46:17 INFO  TestBase:49 - Browser Closed
2020-02-24 11:46:17 INFO  TestBase:26 - Initiate Browser
2020-02-24 11:46:31 INFO  TestBase:32 - Browser Initiated
2020-02-24 11:46:31 INFO  TestBase:42 - Test name: LoginPageTest
2020-02-24 11:46:31 INFO  LoginTest:20 - Login the loginpage
2020-02-24 11:46:32 INFO  TestBase:54 - Executed test case name:LoginPageTest Execution Results : [TestResult name=LoginPageTest status=SUCCESS method=LoginTest.LoginPageTest(java.lang.String, java.lang.String)[pri:1, instance:com.abi.test.pageobject.Tests.LoginTest@4e04a765] output={null}]
2020-02-24 11:46:32 INFO  TestBase:47 - Closing Browser
2020-02-24 11:46:34 INFO  TestBase:49 - Browser Closed
2020-02-24 11:46:34 INFO  TestBase:26 - Initiate Browser
2020-02-24 11:46:47 INFO  TestBase:32 - Browser Initiated
2020-02-24 11:46:47 INFO  TestBase:42 - Test name: LoginPageTest
2020-02-24 11:46:47 INFO  LoginTest:20 - Login the loginpage
2020-02-24 11:46:49 INFO  TestBase:54 - Executed test case name:LoginPageTest Execution Results : [TestResult name=LoginPageTest status=FAILURE method=LoginTest.LoginPageTest(java.lang.String, java.lang.String)[pri:1, instance:com.abi.test.pageobject.Tests.LoginTest@4e04a765] output={null}]
2020-02-24 11:46:49 INFO  TestBase:47 - Closing Browser
2020-02-24 11:46:51 INFO  TestBase:49 - Browser Closed
2020-02-24 11:46:51 INFO  TestBase:26 - Initiate Browser
2020-02-24 11:47:04 INFO  TestBase:32 - Browser Initiated
2020-02-24 11:47:04 INFO  TestBase:42 - Test name: LoginPageTest
2020-02-24 11:47:04 INFO  LoginTest:20 - Login the loginpage
2020-02-24 11:47:06 INFO  TestBase:54 - Executed test case name:LoginPageTest Execution Results : [TestResult name=LoginPageTest status=FAILURE method=LoginTest.LoginPageTest(java.lang.String, java.lang.String)[pri:1, instance:com.abi.test.pageobject.Tests.LoginTest@4e04a765] output={null}]
2020-02-24 11:47:06 INFO  TestBase:47 - Closing Browser
2020-02-24 11:47:08 INFO  TestBase:49 - Browser Closed
2020-02-24 11:50:15 INFO  TestBase:26 - Initiate Browser
2020-02-24 11:50:30 INFO  TestBase:32 - Browser Initiated
2020-02-24 11:50:30 INFO  TestBase:42 - Test name: LoginPageTest
2020-02-24 11:50:30 INFO  LoginTest:20 - Login the loginpage
2020-02-24 11:50:30 INFO  TestBase:54 - Executed test case name:LoginPageTest Execution Results : [TestResult name=LoginPageTest status=FAILURE method=LoginTest.LoginPageTest(java.lang.String, java.lang.String)[pri:1, instance:com.abi.test.pageobject.Tests.LoginTest@4e04a765] output={null}]
2020-02-24 11:50:30 INFO  TestBase:47 - Closing Browser
2020-02-24 11:50:32 INFO  TestBase:49 - Browser Closed
2020-02-24 11:50:32 INFO  TestBase:26 - Initiate Browser
2020-02-24 12:54:50 INFO  TestBase:26 - Initiate Browser
2020-02-24 12:55:05 INFO  TestBase:32 - Browser Initiated
2020-02-24 12:55:05 INFO  TestBase:42 - Test name: LoginPagevalidTest
2020-02-24 12:55:05 INFO  LoginTest:34 - Login the loginpage
2020-02-24 12:55:09 INFO  TestBase:54 - Executed test case name:LoginPagevalidTest Execution Results : [TestResult name=LoginPagevalidTest status=SUCCESS method=LoginTest.LoginPagevalidTest(java.lang.String, java.lang.String)[pri:2, instance:com.abi.test.pageobject.Tests.LoginTest@783e6358] output={null}]
2020-02-24 12:55:09 INFO  TestBase:47 - Closing Browser
2020-02-24 12:55:10 INFO  TestBase:49 - Browser Closed
2020-02-24 12:55:10 INFO  TestBase:26 - Initiate Browser
2020-02-24 12:55:25 INFO  TestBase:32 - Browser Initiated
2020-02-24 12:55:25 INFO  TestBase:42 - Test name: LoginPagevalidTest
2020-02-24 12:55:25 INFO  LoginTest:34 - Login the loginpage
2020-02-24 12:55:29 INFO  TestBase:54 - Executed test case name:LoginPagevalidTest Execution Results : [TestResult name=LoginPagevalidTest status=SUCCESS method=LoginTest.LoginPagevalidTest(java.lang.String, java.lang.String)[pri:2, instance:com.abi.test.pageobject.Tests.LoginTest@783e6358] output={null}]
2020-02-24 12:55:29 INFO  TestBase:47 - Closing Browser
2020-02-24 12:55:31 INFO  TestBase:49 - Browser Closed
2020-02-24 12:55:54 INFO  TestBase:26 - Initiate Browser
2020-02-24 12:56:09 INFO  TestBase:32 - Browser Initiated
2020-02-24 12:56:09 INFO  TestBase:42 - Test name: LoginPageTest
2020-02-24 12:56:09 INFO  LoginTest:21 - Login the loginpage
2020-02-24 12:56:09 INFO  TestBase:54 - Executed test case name:LoginPageTest Execution Results : [TestResult name=LoginPageTest status=FAILURE method=LoginTest.LoginPageTest(java.lang.String, java.lang.String)[pri:1, instance:com.abi.test.pageobject.Tests.LoginTest@783e6358] output={null}]
2020-02-24 12:56:09 INFO  TestBase:47 - Closing Browser
2020-02-24 12:56:11 INFO  TestBase:49 - Browser Closed
2020-02-24 12:56:11 INFO  TestBase:26 - Initiate Browser
2020-02-24 12:56:24 INFO  TestBase:32 - Browser Initiated
2020-02-24 12:56:24 INFO  TestBase:42 - Test name: LoginPageTest
2020-02-24 12:56:24 INFO  LoginTest:21 - Login the loginpage
2020-02-24 12:56:24 INFO  TestBase:54 - Executed test case name:LoginPageTest Execution Results : [TestResult name=LoginPageTest status=FAILURE method=LoginTest.LoginPageTest(java.lang.String, java.lang.String)[pri:1, instance:com.abi.test.pageobject.Tests.LoginTest@783e6358] output={null}]
2020-02-24 12:56:24 INFO  TestBase:47 - Closing Browser
2020-02-24 12:56:26 INFO  TestBase:49 - Browser Closed
2020-02-24 12:56:26 INFO  TestBase:26 - Initiate Browser
2020-02-24 12:56:43 INFO  TestBase:26 - Initiate Browser
2020-02-24 12:56:57 INFO  TestBase:32 - Browser Initiated
2020-02-24 12:56:57 INFO  TestBase:42 - Test name: LoginPageTest
2020-02-24 12:56:57 INFO  LoginTest:21 - Login the loginpage
2020-02-24 12:56:57 INFO  TestBase:54 - Executed test case name:LoginPageTest Execution Results : [TestResult name=LoginPageTest status=SUCCESS method=LoginTest.LoginPageTest(java.lang.String, java.lang.String)[pri:1, instance:com.abi.test.pageobject.Tests.LoginTest@783e6358] output={null}]
2020-02-24 12:56:57 INFO  TestBase:47 - Closing Browser
2020-02-24 12:56:59 INFO  TestBase:49 - Browser Closed
2020-02-24 12:56:59 INFO  TestBase:26 - Initiate Browser
2020-02-24 13:12:24 INFO  TestBase:26 - Initiate Browser
2020-02-24 13:12:39 INFO  TestBase:32 - Browser Initiated
2020-02-24 13:12:39 INFO  TestBase:42 - Test name: forgotpassword
2020-02-24 13:12:39 INFO  TestBase:54 - Executed test case name:forgotpassword Execution Results : [TestResult name=forgotpassword status=FAILURE method=LoginTest.forgotpassword()[pri:3, instance:com.abi.test.pageobject.Tests.LoginTest@783e6358] output={null}]
2020-02-24 13:12:39 INFO  TestBase:47 - Closing Browser
2020-02-24 13:12:40 INFO  TestBase:49 - Browser Closed
2020-02-24 13:30:25 INFO  TestBase:26 - Initiate Browser
2020-02-24 13:30:40 INFO  TestBase:32 - Browser Initiated
2020-02-24 13:30:40 INFO  TestBase:42 - Test name: forgotpassword
2020-02-24 13:30:40 INFO  TestBase:54 - Executed test case name:forgotpassword Execution Results : [TestResult name=forgotpassword status=FAILURE method=LoginTest.forgotpassword()[pri:3, instance:com.abi.test.pageobject.Tests.LoginTest@783e6358] output={null}]
2020-02-24 13:30:40 INFO  TestBase:47 - Closing Browser
2020-02-24 13:30:41 INFO  TestBase:49 - Browser Closed
2020-02-24 13:33:04 INFO  TestBase:26 - Initiate Browser
2020-02-24 13:33:18 INFO  TestBase:32 - Browser Initiated
2020-02-24 13:33:18 INFO  TestBase:42 - Test name: forgotpassword
2020-02-24 13:33:18 INFO  TestBase:54 - Executed test case name:forgotpassword Execution Results : [TestResult name=forgotpassword status=FAILURE method=LoginTest.forgotpassword()[pri:3, instance:com.abi.test.pageobject.Tests.LoginTest@783e6358] output={null}]
2020-02-24 13:33:18 INFO  TestBase:47 - Closing Browser
2020-02-24 13:33:20 INFO  TestBase:49 - Browser Closed
2020-02-24 13:36:24 INFO  TestBase:26 - Initiate Browser
2020-02-24 13:36:39 INFO  TestBase:32 - Browser Initiated
2020-02-24 13:36:39 INFO  TestBase:42 - Test name: forgotpassword
2020-02-24 13:36:39 INFO  TestBase:54 - Executed test case name:forgotpassword Execution Results : [TestResult name=forgotpassword status=FAILURE method=LoginTest.forgotpassword()[pri:3, instance:com.abi.test.pageobject.Tests.LoginTest@783e6358] output={null}]
2020-02-24 13:36:39 INFO  TestBase:47 - Closing Browser
2020-02-24 13:36:41 INFO  TestBase:49 - Browser Closed
2020-02-24 13:37:34 INFO  TestBase:26 - Initiate Browser
2020-02-24 13:37:48 INFO  TestBase:32 - Browser Initiated
2020-02-24 13:37:48 INFO  TestBase:42 - Test name: forgotpassword
2020-02-24 13:37:48 INFO  TestBase:54 - Executed test case name:forgotpassword Execution Results : [TestResult name=forgotpassword status=FAILURE method=LoginTest.forgotpassword()[pri:3, instance:com.abi.test.pageobject.Tests.LoginTest@783e6358] output={null}]
2020-02-24 13:37:48 INFO  TestBase:47 - Closing Browser
2020-02-24 13:37:50 INFO  TestBase:49 - Browser Closed
2020-02-24 13:38:11 INFO  TestBase:26 - Initiate Browser
2020-02-24 13:38:25 INFO  TestBase:32 - Browser Initiated
2020-02-24 13:38:25 INFO  TestBase:42 - Test name: forgotpassword
2020-02-24 13:38:26 INFO  TestBase:54 - Executed test case name:forgotpassword Execution Results : [TestResult name=forgotpassword status=FAILURE method=LoginTest.forgotpassword()[pri:3, instance:com.abi.test.pageobject.Tests.LoginTest@783e6358] output={null}]
2020-02-24 13:38:26 INFO  TestBase:47 - Closing Browser
2020-02-24 13:38:27 INFO  TestBase:49 - Browser Closed
