2024-03-29 20:15:16 INFO  AdminTestBase:27 - Initiate Browser
2024-03-29 20:16:21 INFO  AdminTestBase:33 - Browser Initiated
2024-03-29 20:16:21 INFO  AdminTestBase:43 - Test name: DashBoardTest
2024-03-29 20:16:25 INFO  AdminTestBase:56 - Executed test case name:DashBoardTest Execution Results : [TestResult name=DashBoardTest status=SUCCESS method=DashBoardTest.DashBoardTest()[pri:1, instance:com.abi.test.pageobject.Tests.DashBoardTest@71529963] output={null}]
2024-03-29 20:16:25 INFO  AdminTestBase:49 - Closing Browser
2024-03-29 20:16:26 INFO  AdminTestBase:51 - Browser Closed
2024-03-29 20:35:40 INFO  AdminTestBase:27 - Initiate Browser
2024-03-29 20:36:16 INFO  AdminTestBase:33 - Browser Initiated
2024-03-29 20:36:16 INFO  AdminTestBase:43 - Test name: DashBoardTest
2024-03-29 20:36:20 INFO  AdminTestBase:56 - Executed test case name:DashBoardTest Execution Results : [TestResult name=DashBoardTest status=SUCCESS method=DashBoardTest.DashBoardTest()[pri:1, instance:com.abi.test.pageobject.Tests.DashBoardTest@71529963] output={null}]
2024-03-29 20:36:20 INFO  AdminTestBase:49 - Closing Browser
2024-03-29 20:36:22 INFO  AdminTestBase:51 - Browser Closed
2024-03-29 21:03:27 INFO  AdminTestBase:27 - Initiate Browser
2024-03-29 21:04:47 INFO  AdminTestBase:27 - Initiate Browser
2024-03-29 21:05:29 INFO  AdminTestBase:27 - Initiate Browser
2024-03-29 21:05:35 INFO  AdminTestBase:27 - Initiate Browser
2024-03-29 21:08:30 INFO  AdminTestBase:43 - Test name: DashBoardTest
2024-03-29 21:08:30 INFO  AdminTestBase:56 - Executed test case name:DashBoardTest Execution Results : [TestResult name={null} status=CREATED method=DashBoardTest.DashBoardTest()[pri:1, instance:com.abi.test.pageobject.Tests.DashBoardTest@71529963] output={null}]
2024-03-29 21:08:30 INFO  AdminTestBase:49 - Closing Browser
2024-03-29 21:08:31 INFO  AdminTestBase:51 - Browser Closed
2024-03-29 21:09:51 INFO  AdminTestBase:43 - Test name: DashBoardTest
2024-03-29 21:09:51 INFO  AdminTestBase:56 - Executed test case name:DashBoardTest Execution Results : [TestResult name={null} status=CREATED method=DashBoardTest.DashBoardTest()[pri:1, instance:com.abi.test.pageobject.Tests.DashBoardTest@71529963] output={null}]
2024-03-29 21:09:51 INFO  AdminTestBase:49 - Closing Browser
2024-03-29 21:09:53 INFO  AdminTestBase:51 - Browser Closed
2024-03-29 21:10:32 INFO  AdminTestBase:43 - Test name: DashBoardTest
2024-03-29 21:10:32 INFO  AdminTestBase:56 - Executed test case name:DashBoardTest Execution Results : [TestResult name={null} status=CREATED method=DashBoardTest.DashBoardTest()[pri:1, instance:com.abi.test.pageobject.Tests.DashBoardTest@71529963] output={null}]
2024-03-29 21:10:32 INFO  AdminTestBase:49 - Closing Browser
2024-03-29 21:10:33 INFO  AdminTestBase:51 - Browser Closed
2024-03-29 21:10:39 INFO  AdminTestBase:43 - Test name: DashBoardTest
2024-03-29 21:10:39 INFO  AdminTestBase:56 - Executed test case name:DashBoardTest Execution Results : [TestResult name={null} status=CREATED method=DashBoardTest.DashBoardTest()[pri:1, instance:com.abi.test.pageobject.Tests.DashBoardTest@71529963] output={null}]
2024-03-29 21:10:39 INFO  AdminTestBase:49 - Closing Browser
2024-03-29 21:10:40 INFO  AdminTestBase:51 - Browser Closed
2024-03-30 13:46:56 INFO  AdminTestBase:27 - Initiate Browser
2024-03-30 13:47:51 INFO  AdminTestBase:33 - Browser Initiated
2024-03-30 13:47:51 INFO  AdminTestBase:43 - Test name: DashBoardTest
2024-03-30 13:48:02 INFO  AdminTestBase:56 - Executed test case name:DashBoardTest Execution Results : [TestResult name=DashBoardTest status=SUCCESS method=DashBoardTest.DashBoardTest()[pri:1, instance:com.abi.test.pageobject.Tests.DashBoardTest@71529963] output={null}]
2024-03-30 13:48:02 INFO  AdminTestBase:49 - Closing Browser
2024-03-30 13:48:03 INFO  AdminTestBase:51 - Browser Closed
