2024-04-09 08:23:14 INFO  AdminTestBase:27 - Initiate Browser
2024-04-09 08:23:21 INFO  AdminTestBase:43 - Test name: AdminLoginPageBalankTest
2024-04-09 08:23:21 INFO  AdminTestBase:56 - Executed test case name:AdminLoginPageBalankTest Execution Results : [TestResult name={null} status=CREATED method=AdminLoginTest.AdminLoginPageBalankTest()[pri:1, instance:com.abi.test.pageobject.Tests.AdminLoginTest@22295ec4] output={null}]
2024-04-09 08:23:21 INFO  AdminTestBase:49 - Closing Browser
2024-04-09 08:23:23 INFO  AdminTestBase:51 - Browser Closed
2024-04-09 08:23:23 INFO  AdminTestBase:27 - Initiate Browser
2024-04-09 08:23:29 INFO  AdminTestBase:43 - Test name: AdminLoginPageInvalidTest
2024-04-09 08:23:29 INFO  AdminTestBase:56 - Executed test case name:AdminLoginPageInvalidTest Execution Results : [TestResult name={null} status=CREATED method=AdminLoginTest.AdminLoginPageInvalidTest(java.lang.String, java.lang.String)[pri:1, instance:com.abi.test.pageobject.Tests.AdminLoginTest@22295ec4] output={null}]
2024-04-09 08:23:29 INFO  AdminTestBase:49 - Closing Browser
2024-04-09 08:23:30 INFO  AdminTestBase:51 - Browser Closed
2024-04-09 08:23:30 INFO  AdminTestBase:27 - Initiate Browser
2024-04-09 08:23:36 INFO  AdminTestBase:43 - Test name: AdminLoginPageInvalidTest
2024-04-09 08:23:36 INFO  AdminTestBase:56 - Executed test case name:AdminLoginPageInvalidTest Execution Results : [TestResult name={null} status=CREATED method=AdminLoginTest.AdminLoginPageInvalidTest(java.lang.String, java.lang.String)[pri:1, instance:com.abi.test.pageobject.Tests.AdminLoginTest@22295ec4] output={null}]
2024-04-09 08:23:36 INFO  AdminTestBase:49 - Closing Browser
2024-04-09 08:23:37 INFO  AdminTestBase:51 - Browser Closed
2024-04-09 08:23:37 INFO  AdminTestBase:27 - Initiate Browser
2024-04-09 08:23:44 INFO  AdminTestBase:43 - Test name: AdminLoginPageWithoutPasswordTest
2024-04-09 08:23:44 INFO  AdminTestBase:56 - Executed test case name:AdminLoginPageWithoutPasswordTest Execution Results : [TestResult name={null} status=CREATED method=AdminLoginTest.AdminLoginPageWithoutPasswordTest()[pri:1, instance:com.abi.test.pageobject.Tests.AdminLoginTest@22295ec4] output={null}]
2024-04-09 08:23:44 INFO  AdminTestBase:49 - Closing Browser
2024-04-09 08:23:46 INFO  AdminTestBase:51 - Browser Closed
2024-04-09 08:23:46 INFO  AdminTestBase:27 - Initiate Browser
2024-04-09 08:24:04 INFO  AdminTestBase:43 - Test name: AdminLoginPageWithoutUserTest
2024-04-09 08:24:04 INFO  AdminTestBase:56 - Executed test case name:AdminLoginPageWithoutUserTest Execution Results : [TestResult name={null} status=CREATED method=AdminLoginTest.AdminLoginPageWithoutUserTest()[pri:1, instance:com.abi.test.pageobject.Tests.AdminLoginTest@22295ec4] output={null}]
2024-04-09 08:24:04 INFO  AdminTestBase:49 - Closing Browser
2024-04-09 08:24:06 INFO  AdminTestBase:51 - Browser Closed
2024-04-09 08:24:06 INFO  AdminTestBase:27 - Initiate Browser
2024-04-09 08:24:14 INFO  AdminTestBase:33 - Browser Initiated
2024-04-09 08:24:14 INFO  AdminTestBase:43 - Test name: AdminLoginPagevalidTest
2024-04-09 08:24:14 INFO  AdminTestBase:56 - Executed test case name:AdminLoginPagevalidTest Execution Results : [TestResult name={null} status=CREATED method=AdminLoginTest.AdminLoginPagevalidTest(java.lang.String, java.lang.String)[pri:2, instance:com.abi.test.pageobject.Tests.AdminLoginTest@22295ec4] output={null}]
2024-04-09 08:24:14 INFO  AdminTestBase:49 - Closing Browser
2024-04-09 08:24:15 INFO  AdminTestBase:51 - Browser Closed
2024-04-09 08:24:51 INFO  AdminTestBase:27 - Initiate Browser
2024-04-09 08:24:55 INFO  AdminTestBase:33 - Browser Initiated
2024-04-09 08:24:55 INFO  AdminTestBase:43 - Test name: AdminLoginPageBalankTest
2024-04-09 08:24:55 INFO  AdminTestBase:56 - Executed test case name:AdminLoginPageBalankTest Execution Results : [TestResult name=AdminLoginPageBalankTest status=FAILURE method=AdminLoginTest.AdminLoginPageBalankTest()[pri:1, instance:com.abi.test.pageobject.Tests.AdminLoginTest@22295ec4] output={null}]
2024-04-09 08:24:55 INFO  AdminTestBase:49 - Closing Browser
2024-04-09 08:24:57 INFO  AdminTestBase:51 - Browser Closed
2024-04-09 08:24:57 INFO  AdminTestBase:27 - Initiate Browser
2024-04-09 08:25:00 INFO  AdminTestBase:33 - Browser Initiated
2024-04-09 08:25:00 INFO  AdminTestBase:43 - Test name: AdminLoginPageInvalidTest
2024-04-09 08:25:01 INFO  AdminTestBase:56 - Executed test case name:AdminLoginPageInvalidTest Execution Results : [TestResult name=AdminLoginPageInvalidTest status=FAILURE method=AdminLoginTest.AdminLoginPageInvalidTest(java.lang.String, java.lang.String)[pri:1, instance:com.abi.test.pageobject.Tests.AdminLoginTest@22295ec4] output={null}]
2024-04-09 08:25:01 INFO  AdminTestBase:49 - Closing Browser
2024-04-09 08:25:02 INFO  AdminTestBase:51 - Browser Closed
2024-04-09 08:25:02 INFO  AdminTestBase:27 - Initiate Browser
2024-04-09 08:25:06 INFO  AdminTestBase:33 - Browser Initiated
2024-04-09 08:25:06 INFO  AdminTestBase:43 - Test name: AdminLoginPageInvalidTest
2024-04-09 08:25:06 INFO  AdminTestBase:56 - Executed test case name:AdminLoginPageInvalidTest Execution Results : [TestResult name=AdminLoginPageInvalidTest status=FAILURE method=AdminLoginTest.AdminLoginPageInvalidTest(java.lang.String, java.lang.String)[pri:1, instance:com.abi.test.pageobject.Tests.AdminLoginTest@22295ec4] output={null}]
2024-04-09 08:25:06 INFO  AdminTestBase:49 - Closing Browser
2024-04-09 08:25:07 INFO  AdminTestBase:51 - Browser Closed
2024-04-09 08:25:07 INFO  AdminTestBase:27 - Initiate Browser
2024-04-09 08:25:11 INFO  AdminTestBase:33 - Browser Initiated
2024-04-09 08:25:11 INFO  AdminTestBase:43 - Test name: AdminLoginPageWithoutPasswordTest
2024-04-09 08:25:11 INFO  AdminTestBase:56 - Executed test case name:AdminLoginPageWithoutPasswordTest Execution Results : [TestResult name=AdminLoginPageWithoutPasswordTest status=FAILURE method=AdminLoginTest.AdminLoginPageWithoutPasswordTest()[pri:1, instance:com.abi.test.pageobject.Tests.AdminLoginTest@22295ec4] output={null}]
2024-04-09 08:25:11 INFO  AdminTestBase:49 - Closing Browser
2024-04-09 08:25:12 INFO  AdminTestBase:51 - Browser Closed
2024-04-09 08:25:12 INFO  AdminTestBase:27 - Initiate Browser
2024-04-09 08:25:16 INFO  AdminTestBase:33 - Browser Initiated
2024-04-09 08:25:16 INFO  AdminTestBase:43 - Test name: AdminLoginPageWithoutUserTest
2024-04-09 08:25:16 INFO  AdminTestBase:56 - Executed test case name:AdminLoginPageWithoutUserTest Execution Results : [TestResult name=AdminLoginPageWithoutUserTest status=FAILURE method=AdminLoginTest.AdminLoginPageWithoutUserTest()[pri:1, instance:com.abi.test.pageobject.Tests.AdminLoginTest@22295ec4] output={null}]
2024-04-09 08:25:16 INFO  AdminTestBase:49 - Closing Browser
2024-04-09 08:25:17 INFO  AdminTestBase:51 - Browser Closed
2024-04-09 08:25:17 INFO  AdminTestBase:27 - Initiate Browser
2024-04-09 08:25:22 INFO  AdminTestBase:33 - Browser Initiated
2024-04-09 08:25:22 INFO  AdminTestBase:43 - Test name: AdminLoginPagevalidTest
2024-04-09 08:25:22 INFO  AdminTestBase:56 - Executed test case name:AdminLoginPagevalidTest Execution Results : [TestResult name=AdminLoginPagevalidTest status=FAILURE method=AdminLoginTest.AdminLoginPagevalidTest(java.lang.String, java.lang.String)[pri:2, instance:com.abi.test.pageobject.Tests.AdminLoginTest@22295ec4] output={null}]
2024-04-09 08:25:22 INFO  AdminTestBase:49 - Closing Browser
2024-04-09 08:25:23 INFO  AdminTestBase:51 - Browser Closed
2024-04-09 09:16:19 INFO  AdminTestBase:27 - Initiate Browser
2024-04-09 09:16:23 INFO  AdminTestBase:33 - Browser Initiated
2024-04-09 09:16:23 INFO  AdminTestBase:43 - Test name: AdminLoginPageInvalidTest
2024-04-09 09:16:23 INFO  AdminTestBase:56 - Executed test case name:AdminLoginPageInvalidTest Execution Results : [TestResult name=AdminLoginPageInvalidTest status=FAILURE method=AdminLoginTest.AdminLoginPageInvalidTest(java.lang.String, java.lang.String)[pri:1, instance:com.abi.test.pageobject.Tests.AdminLoginTest@2445445a] output={null}]
2024-04-09 09:16:23 INFO  AdminTestBase:49 - Closing Browser
2024-04-09 09:16:25 INFO  AdminTestBase:51 - Browser Closed
2024-04-09 09:16:25 INFO  AdminTestBase:27 - Initiate Browser
2024-04-09 09:16:29 INFO  AdminTestBase:33 - Browser Initiated
2024-04-09 09:16:29 INFO  AdminTestBase:43 - Test name: AdminLoginPageInvalidTest
2024-04-09 09:16:29 INFO  AdminTestBase:56 - Executed test case name:AdminLoginPageInvalidTest Execution Results : [TestResult name=AdminLoginPageInvalidTest status=FAILURE method=AdminLoginTest.AdminLoginPageInvalidTest(java.lang.String, java.lang.String)[pri:1, instance:com.abi.test.pageobject.Tests.AdminLoginTest@2445445a] output={null}]
2024-04-09 09:16:29 INFO  AdminTestBase:49 - Closing Browser
2024-04-09 09:16:30 INFO  AdminTestBase:51 - Browser Closed
2024-04-09 09:37:54 INFO  AdminTestBase:27 - Initiate Browser
2024-04-09 09:37:59 INFO  AdminTestBase:33 - Browser Initiated
2024-04-09 09:37:59 INFO  AdminTestBase:43 - Test name: AdminLoginPagevalidTest
2024-04-09 09:37:59 INFO  AdminTestBase:56 - Executed test case name:AdminLoginPagevalidTest Execution Results : [TestResult name=AdminLoginPagevalidTest status=FAILURE method=AdminLoginTest.AdminLoginPagevalidTest(java.lang.String, java.lang.String)[pri:2, instance:com.abi.test.pageobject.Tests.AdminLoginTest@2445445a] output={null}]
2024-04-09 09:37:59 INFO  AdminTestBase:49 - Closing Browser
2024-04-09 09:38:00 INFO  AdminTestBase:51 - Browser Closed
2024-04-09 09:40:00 INFO  AdminTestBase:27 - Initiate Browser
2024-04-09 09:40:22 INFO  AdminTestBase:33 - Browser Initiated
2024-04-09 09:40:22 INFO  AdminTestBase:43 - Test name: AdminLoginPagevalidTest
2024-04-09 09:40:23 INFO  AdminTestBase:56 - Executed test case name:AdminLoginPagevalidTest Execution Results : [TestResult name=AdminLoginPagevalidTest status=FAILURE method=AdminLoginTest.AdminLoginPagevalidTest(java.lang.String, java.lang.String)[pri:2, instance:com.abi.test.pageobject.Tests.AdminLoginTest@2445445a] output={null}]
2024-04-09 09:40:23 INFO  AdminTestBase:49 - Closing Browser
2024-04-09 09:40:25 INFO  AdminTestBase:51 - Browser Closed
2024-04-09 09:42:37 INFO  AdminTestBase:27 - Initiate Browser
2024-04-09 09:42:41 INFO  AdminTestBase:33 - Browser Initiated
2024-04-09 09:42:41 INFO  AdminTestBase:43 - Test name: AdminLoginPagevalidTest
2024-04-09 09:42:42 INFO  AdminTestBase:56 - Executed test case name:AdminLoginPagevalidTest Execution Results : [TestResult name=AdminLoginPagevalidTest status=SUCCESS method=AdminLoginTest.AdminLoginPagevalidTest(java.lang.String, java.lang.String)[pri:2, instance:com.abi.test.pageobject.Tests.AdminLoginTest@2445445a] output={null}]
2024-04-09 09:42:42 INFO  AdminTestBase:49 - Closing Browser
2024-04-09 09:42:43 INFO  AdminTestBase:51 - Browser Closed
2024-04-09 09:43:00 INFO  AdminTestBase:27 - Initiate Browser
2024-04-09 09:43:03 INFO  AdminTestBase:33 - Browser Initiated
2024-04-09 09:43:03 INFO  AdminTestBase:43 - Test name: AdminLoginPagevalidTest
2024-04-09 09:43:03 INFO  AdminTestBase:56 - Executed test case name:AdminLoginPagevalidTest Execution Results : [TestResult name=AdminLoginPagevalidTest status=FAILURE method=AdminLoginTest.AdminLoginPagevalidTest(java.lang.String, java.lang.String)[pri:2, instance:com.abi.test.pageobject.Tests.AdminLoginTest@2445445a] output={null}]
2024-04-09 09:43:03 INFO  AdminTestBase:49 - Closing Browser
2024-04-09 09:43:04 INFO  AdminTestBase:51 - Browser Closed
2024-04-09 09:43:35 INFO  AdminTestBase:27 - Initiate Browser
2024-04-09 09:43:51 INFO  AdminTestBase:33 - Browser Initiated
2024-04-09 09:43:51 INFO  AdminTestBase:43 - Test name: AdminLoginPagevalidTest
2024-04-09 09:43:52 INFO  AdminTestBase:56 - Executed test case name:AdminLoginPagevalidTest Execution Results : [TestResult name=AdminLoginPagevalidTest status=FAILURE method=AdminLoginTest.AdminLoginPagevalidTest(java.lang.String, java.lang.String)[pri:2, instance:com.abi.test.pageobject.Tests.AdminLoginTest@2445445a] output={null}]
2024-04-09 09:43:52 INFO  AdminTestBase:49 - Closing Browser
2024-04-09 09:43:54 INFO  AdminTestBase:51 - Browser Closed
2024-04-10 00:30:02 INFO  TestBase:28 - Initiate Browser
2024-04-10 00:30:06 INFO  TestBase:34 - Browser Initiated
2024-04-10 00:30:06 INFO  TestBase:44 - Test name: LoginPageTest
2024-04-10 00:30:07 INFO  LoginTest:18 - Home Page 
2024-04-10 00:30:07 INFO  LoginTest:20 - Login the loginpage
2024-04-10 00:30:09 INFO  TestBase:57 - Executed test case name:LoginPageTest Execution Results : [TestResult name=LoginPageTest status=FAILURE method=LoginTest.LoginPageTest(java.lang.String, java.lang.String)[pri:1, instance:com.abi.test.pageobject.Tests.LoginTest@f316aeb] output={null}]
2024-04-10 00:30:09 INFO  TestBase:50 - Closing Browser
2024-04-10 00:30:10 INFO  TestBase:52 - Browser Closed
2024-04-10 00:30:10 INFO  TestBase:28 - Initiate Browser
2024-04-10 00:30:14 INFO  TestBase:34 - Browser Initiated
2024-04-10 00:30:14 INFO  TestBase:44 - Test name: LoginPageTest
2024-04-10 00:30:14 INFO  LoginTest:18 - Home Page 
2024-04-10 00:30:14 INFO  LoginTest:20 - Login the loginpage
2024-04-10 00:30:16 INFO  TestBase:57 - Executed test case name:LoginPageTest Execution Results : [TestResult name=LoginPageTest status=FAILURE method=LoginTest.LoginPageTest(java.lang.String, java.lang.String)[pri:1, instance:com.abi.test.pageobject.Tests.LoginTest@f316aeb] output={null}]
2024-04-10 00:30:16 INFO  TestBase:50 - Closing Browser
2024-04-10 00:30:18 INFO  TestBase:52 - Browser Closed
2024-04-10 00:30:18 INFO  TestBase:28 - Initiate Browser
2024-04-10 00:30:22 INFO  TestBase:34 - Browser Initiated
2024-04-10 00:30:22 INFO  TestBase:44 - Test name: LoginPageTest
2024-04-10 00:30:22 INFO  LoginTest:18 - Home Page 
2024-04-10 00:30:23 INFO  LoginTest:20 - Login the loginpage
2024-04-10 00:30:24 INFO  TestBase:57 - Executed test case name:LoginPageTest Execution Results : [TestResult name=LoginPageTest status=FAILURE method=LoginTest.LoginPageTest(java.lang.String, java.lang.String)[pri:1, instance:com.abi.test.pageobject.Tests.LoginTest@f316aeb] output={null}]
2024-04-10 00:30:24 INFO  TestBase:50 - Closing Browser
2024-04-10 00:30:26 INFO  TestBase:52 - Browser Closed
2024-04-10 00:30:26 INFO  TestBase:28 - Initiate Browser
2024-04-10 00:30:29 INFO  TestBase:34 - Browser Initiated
2024-04-10 00:30:29 INFO  TestBase:44 - Test name: LoginPageTest
2024-04-10 00:30:29 INFO  LoginTest:18 - Home Page 
2024-04-10 00:30:30 INFO  LoginTest:20 - Login the loginpage
2024-04-10 00:30:31 INFO  TestBase:57 - Executed test case name:LoginPageTest Execution Results : [TestResult name=LoginPageTest status=FAILURE method=LoginTest.LoginPageTest(java.lang.String, java.lang.String)[pri:1, instance:com.abi.test.pageobject.Tests.LoginTest@f316aeb] output={null}]
2024-04-10 00:30:31 INFO  TestBase:50 - Closing Browser
2024-04-10 00:30:32 INFO  TestBase:52 - Browser Closed
2024-04-10 00:30:32 INFO  TestBase:28 - Initiate Browser
2024-04-10 00:30:35 INFO  TestBase:34 - Browser Initiated
2024-04-10 00:30:35 INFO  TestBase:44 - Test name: LoginPageTest
2024-04-10 00:30:35 INFO  LoginTest:18 - Home Page 
2024-04-10 00:30:36 INFO  LoginTest:20 - Login the loginpage
2024-04-10 00:30:38 INFO  TestBase:57 - Executed test case name:LoginPageTest Execution Results : [TestResult name=LoginPageTest status=SUCCESS method=LoginTest.LoginPageTest(java.lang.String, java.lang.String)[pri:1, instance:com.abi.test.pageobject.Tests.LoginTest@f316aeb] output={null}]
2024-04-10 00:30:38 INFO  TestBase:50 - Closing Browser
2024-04-10 00:30:39 INFO  TestBase:52 - Browser Closed
2024-04-10 00:30:39 INFO  TestBase:28 - Initiate Browser
2024-04-10 00:30:43 INFO  TestBase:34 - Browser Initiated
2024-04-10 00:30:43 INFO  TestBase:44 - Test name: LoginPagevalidTest
2024-04-10 00:30:44 INFO  LoginTest:33 - Home Page 
2024-04-10 00:30:44 INFO  LoginTest:35 - Login the loginpage
2024-04-10 00:30:46 INFO  TestBase:57 - Executed test case name:LoginPagevalidTest Execution Results : [TestResult name=LoginPagevalidTest status=SUCCESS method=LoginTest.LoginPagevalidTest(java.lang.String, java.lang.String)[pri:2, instance:com.abi.test.pageobject.Tests.LoginTest@f316aeb] output={null}]
2024-04-10 00:30:46 INFO  TestBase:50 - Closing Browser
2024-04-10 00:30:47 INFO  TestBase:52 - Browser Closed
2024-04-10 00:30:47 INFO  TestBase:28 - Initiate Browser
2024-04-10 00:30:52 INFO  TestBase:34 - Browser Initiated
2024-04-10 00:30:52 INFO  TestBase:44 - Test name: LoginPagevalidTest
2024-04-10 00:30:52 INFO  LoginTest:33 - Home Page 
2024-04-10 00:30:54 INFO  LoginTest:35 - Login the loginpage
2024-04-10 00:30:58 INFO  TestBase:57 - Executed test case name:LoginPagevalidTest Execution Results : [TestResult name=LoginPagevalidTest status=SUCCESS method=LoginTest.LoginPagevalidTest(java.lang.String, java.lang.String)[pri:2, instance:com.abi.test.pageobject.Tests.LoginTest@f316aeb] output={null}]
2024-04-10 00:30:58 INFO  TestBase:50 - Closing Browser
2024-04-10 00:30:59 INFO  TestBase:52 - Browser Closed
2024-04-10 09:35:51 INFO  AdminTestBase:27 - Initiate Browser
2024-04-10 09:36:22 INFO  AdminTestBase:33 - Browser Initiated
2024-04-10 09:36:22 INFO  AdminTestBase:43 - Test name: AdminLoginPagevalidTest
2024-04-10 09:36:22 INFO  AdminTestBase:56 - Executed test case name:AdminLoginPagevalidTest Execution Results : [TestResult name=AdminLoginPagevalidTest status=FAILURE method=AdminLoginTest.AdminLoginPagevalidTest(java.lang.String, java.lang.String)[pri:2, instance:com.abi.test.pageobject.Tests.AdminLoginTest@2445445a] output={null}]
2024-04-10 09:36:22 INFO  AdminTestBase:49 - Closing Browser
2024-04-10 09:36:24 INFO  AdminTestBase:51 - Browser Closed
2024-04-10 13:38:44 INFO  TestBase:28 - Initiate Browser
2024-04-10 13:39:12 INFO  TestBase:34 - Browser Initiated
2024-04-10 13:39:12 INFO  TestBase:44 - Test name: RegisterPageTest
2024-04-10 13:39:12 INFO  TestBase:57 - Executed test case name:RegisterPageTest Execution Results : [TestResult name=RegisterPageTest status=FAILURE method=RegisterUserTest.RegisterPageTest()[pri:1, instance:com.abi.test.pageobject.Tests.RegisterUserTest@6aa3a905] output={null}]
2024-04-10 13:39:12 INFO  TestBase:50 - Closing Browser
2024-04-10 13:39:14 INFO  TestBase:52 - Browser Closed
2024-04-10 13:41:32 INFO  TestBase:28 - Initiate Browser
2024-04-10 13:41:56 INFO  TestBase:34 - Browser Initiated
2024-04-10 13:41:57 INFO  TestBase:44 - Test name: RegisterPageTest
2024-04-10 13:42:01 INFO  TestBase:57 - Executed test case name:RegisterPageTest Execution Results : [TestResult name=RegisterPageTest status=FAILURE method=RegisterUserTest.RegisterPageTest()[pri:1, instance:com.abi.test.pageobject.Tests.RegisterUserTest@6aa3a905] output={null}]
2024-04-10 13:42:01 INFO  TestBase:50 - Closing Browser
2024-04-10 13:42:02 INFO  TestBase:52 - Browser Closed
2024-04-10 13:50:25 INFO  TestBase:28 - Initiate Browser
2024-04-10 13:50:33 INFO  TestBase:34 - Browser Initiated
2024-04-10 13:50:33 INFO  TestBase:44 - Test name: RegisterPageTest
2024-04-10 13:50:36 INFO  TestBase:57 - Executed test case name:RegisterPageTest Execution Results : [TestResult name=RegisterPageTest status=SUCCESS method=RegisterUserTest.RegisterPageTest()[pri:1, instance:com.abi.test.pageobject.Tests.RegisterUserTest@6aa3a905] output={null}]
2024-04-10 13:50:36 INFO  TestBase:50 - Closing Browser
2024-04-10 13:50:38 INFO  TestBase:52 - Browser Closed
2024-04-10 13:53:45 INFO  TestBase:28 - Initiate Browser
2024-04-10 13:53:49 INFO  TestBase:34 - Browser Initiated
2024-04-10 13:53:49 INFO  TestBase:44 - Test name: RegisterPageTest
2024-04-10 13:53:50 INFO  TestBase:57 - Executed test case name:RegisterPageTest Execution Results : [TestResult name=RegisterPageTest status=SUCCESS method=RegisterUserTest.RegisterPageTest()[pri:1, instance:com.abi.test.pageobject.Tests.RegisterUserTest@6aa3a905] output={null}]
2024-04-10 13:53:50 INFO  TestBase:50 - Closing Browser
2024-04-10 13:53:52 INFO  TestBase:52 - Browser Closed
2024-04-10 13:54:10 INFO  TestBase:28 - Initiate Browser
2024-04-10 13:54:17 INFO  TestBase:34 - Browser Initiated
2024-04-10 13:54:17 INFO  TestBase:44 - Test name: RegisterPageTest
2024-04-10 13:54:20 INFO  TestBase:57 - Executed test case name:RegisterPageTest Execution Results : [TestResult name=RegisterPageTest status=FAILURE method=RegisterUserTest.RegisterPageTest()[pri:1, instance:com.abi.test.pageobject.Tests.RegisterUserTest@6aa3a905] output={null}]
2024-04-10 13:54:20 INFO  TestBase:50 - Closing Browser
2024-04-10 13:54:21 INFO  TestBase:52 - Browser Closed
2024-04-10 13:56:55 INFO  TestBase:28 - Initiate Browser
2024-04-10 13:56:59 INFO  TestBase:34 - Browser Initiated
2024-04-10 13:56:59 INFO  TestBase:44 - Test name: RegisterPageTest
2024-04-10 13:57:03 INFO  TestBase:57 - Executed test case name:RegisterPageTest Execution Results : [TestResult name=RegisterPageTest status=SUCCESS method=RegisterUserTest.RegisterPageTest()[pri:1, instance:com.abi.test.pageobject.Tests.RegisterUserTest@6aa3a905] output={null}]
2024-04-10 13:57:03 INFO  TestBase:50 - Closing Browser
2024-04-10 13:57:04 INFO  TestBase:52 - Browser Closed
2024-04-11 13:44:42 INFO  TestBase:28 - Initiate Browser
2024-04-11 13:44:47 INFO  TestBase:34 - Browser Initiated
2024-04-11 13:44:47 INFO  TestBase:44 - Test name: LoginPagevalidTest
2024-04-11 13:44:47 INFO  LoginTest:33 - Home Page 
2024-04-11 13:44:48 INFO  LoginTest:35 - Login the loginpage
2024-04-11 13:44:50 INFO  TestBase:57 - Executed test case name:LoginPagevalidTest Execution Results : [TestResult name=LoginPagevalidTest status=SUCCESS method=LoginTest.LoginPagevalidTest(java.lang.String, java.lang.String)[pri:2, instance:com.abi.test.pageobject.Tests.LoginTest@436bc36] output={null}]
2024-04-11 13:44:50 INFO  TestBase:50 - Closing Browser
2024-04-11 13:44:51 INFO  TestBase:52 - Browser Closed
2024-04-11 13:44:51 INFO  TestBase:28 - Initiate Browser
2024-04-11 13:44:54 INFO  TestBase:34 - Browser Initiated
2024-04-11 13:44:54 INFO  TestBase:44 - Test name: LoginPagevalidTest
2024-04-11 13:44:54 INFO  LoginTest:33 - Home Page 
2024-04-11 13:44:55 INFO  LoginTest:35 - Login the loginpage
2024-04-11 13:44:58 INFO  TestBase:57 - Executed test case name:LoginPagevalidTest Execution Results : [TestResult name=LoginPagevalidTest status=SUCCESS method=LoginTest.LoginPagevalidTest(java.lang.String, java.lang.String)[pri:2, instance:com.abi.test.pageobject.Tests.LoginTest@436bc36] output={null}]
2024-04-11 13:44:58 INFO  TestBase:50 - Closing Browser
2024-04-11 13:44:59 INFO  TestBase:52 - Browser Closed
2024-04-11 13:53:33 INFO  TestBase:28 - Initiate Browser
2024-04-11 13:53:39 INFO  TestBase:34 - Browser Initiated
2024-04-11 13:53:39 INFO  TestBase:44 - Test name: LoginPageTest
2024-04-11 13:53:39 INFO  CusermerBookingTest:19 - Home Page 
2024-04-11 13:53:40 INFO  CusermerBookingTest:21 - Login the loginpage
2024-04-11 13:53:42 INFO  TestBase:57 - Executed test case name:LoginPageTest Execution Results : [TestResult name=LoginPageTest status=SUCCESS method=CusermerBookingTest.LoginPageTest()[pri:1, instance:com.abi.test.pageobject.Tests.CusermerBookingTest@906d29b] output={null}]
2024-04-11 13:53:42 INFO  TestBase:50 - Closing Browser
2024-04-11 13:53:44 INFO  TestBase:52 - Browser Closed
2024-04-11 14:01:59 INFO  TestBase:28 - Initiate Browser
2024-04-11 14:02:03 INFO  TestBase:34 - Browser Initiated
2024-04-11 14:02:03 INFO  TestBase:44 - Test name: RoomBooking
2024-04-11 14:02:03 INFO  CusermerBookingTest:20 - Home Page 
2024-04-11 14:02:04 INFO  CusermerBookingTest:22 - Login the loginpage
2024-04-11 14:02:06 INFO  CusermerBookingTest:27 - Login page apprear
2024-04-11 14:02:07 INFO  TestBase:57 - Executed test case name:RoomBooking Execution Results : [TestResult name=RoomBooking status=SUCCESS method=CusermerBookingTest.RoomBooking()[pri:1, instance:com.abi.test.pageobject.Tests.CusermerBookingTest@906d29b] output={null}]
2024-04-11 14:02:07 INFO  TestBase:50 - Closing Browser
2024-04-11 14:02:08 INFO  TestBase:52 - Browser Closed
2024-04-11 16:18:54 INFO  TestBase:28 - Initiate Browser
2024-04-11 16:18:58 INFO  TestBase:34 - Browser Initiated
2024-04-11 16:18:58 INFO  TestBase:44 - Test name: RoomBooking
2024-04-11 16:18:58 INFO  CusermerBookingTest:20 - Home Page 
2024-04-11 16:18:59 INFO  CusermerBookingTest:22 - Login the loginpage
2024-04-11 16:19:01 INFO  CusermerBookingTest:27 - Login page apprear
2024-04-11 16:19:02 INFO  TestBase:57 - Executed test case name:RoomBooking Execution Results : [TestResult name=RoomBooking status=SUCCESS method=CusermerBookingTest.RoomBooking()[pri:1, instance:com.abi.test.pageobject.Tests.CusermerBookingTest@906d29b] output={null}]
2024-04-11 16:19:02 INFO  TestBase:50 - Closing Browser
2024-04-11 16:19:03 INFO  TestBase:52 - Browser Closed
2024-04-11 16:22:26 INFO  TestBase:28 - Initiate Browser
2024-04-11 16:22:31 INFO  TestBase:34 - Browser Initiated
2024-04-11 16:22:31 INFO  TestBase:44 - Test name: RoomBooking
2024-04-11 16:22:31 INFO  CusermerBookingTest:20 - Home Page 
2024-04-11 16:22:32 INFO  CusermerBookingTest:22 - Login the loginpage
2024-04-11 16:22:45 INFO  CusermerBookingTest:27 - Login page apprear
2024-04-11 16:22:46 INFO  TestBase:57 - Executed test case name:RoomBooking Execution Results : [TestResult name=RoomBooking status=FAILURE method=CusermerBookingTest.RoomBooking()[pri:1, instance:com.abi.test.pageobject.Tests.CusermerBookingTest@906d29b] output={null}]
2024-04-11 16:22:46 INFO  TestBase:50 - Closing Browser
2024-04-11 16:22:48 INFO  TestBase:52 - Browser Closed
2024-04-11 16:27:20 INFO  TestBase:28 - Initiate Browser
2024-04-11 16:27:43 INFO  TestBase:34 - Browser Initiated
2024-04-11 16:27:43 INFO  TestBase:44 - Test name: RoomBooking
2024-04-11 16:27:43 INFO  CusermerBookingTest:20 - Home Page 
2024-04-11 16:27:47 INFO  CusermerBookingTest:22 - Login the loginpage
2024-04-11 16:27:53 INFO  CusermerBookingTest:27 - Login page apprear
2024-04-11 16:27:54 INFO  CusermerBookingTest:34 - enter checkoutdate
2024-04-11 16:27:55 INFO  TestBase:57 - Executed test case name:RoomBooking Execution Results : [TestResult name=RoomBooking status=FAILURE method=CusermerBookingTest.RoomBooking()[pri:1, instance:com.abi.test.pageobject.Tests.CusermerBookingTest@906d29b] output={null}]
2024-04-11 16:27:55 INFO  TestBase:50 - Closing Browser
2024-04-11 16:27:56 INFO  TestBase:52 - Browser Closed
2024-04-11 16:28:33 INFO  TestBase:28 - Initiate Browser
2024-04-11 16:28:37 INFO  TestBase:34 - Browser Initiated
2024-04-11 16:28:37 INFO  TestBase:44 - Test name: RoomBooking
2024-04-11 16:28:37 INFO  CusermerBookingTest:20 - Home Page 
2024-04-11 16:28:37 INFO  CusermerBookingTest:22 - Login the loginpage
2024-04-11 16:28:39 INFO  CusermerBookingTest:27 - Login page apprear
2024-04-11 16:28:41 INFO  CusermerBookingTest:34 - enter checkoutdate
2024-04-11 16:28:41 INFO  CusermerBookingTest:37 - Select room
2024-04-11 16:28:41 INFO  CusermerBookingTest:40 - Enter adults
2024-04-11 16:28:41 INFO  CusermerBookingTest:43 - Enter childern
2024-04-11 16:28:41 INFO  TestBase:57 - Executed test case name:RoomBooking Execution Results : [TestResult name=RoomBooking status=FAILURE method=CusermerBookingTest.RoomBooking()[pri:1, instance:com.abi.test.pageobject.Tests.CusermerBookingTest@906d29b] output={null}]
2024-04-11 16:28:41 INFO  TestBase:50 - Closing Browser
2024-04-11 16:28:42 INFO  TestBase:52 - Browser Closed
